<?xml version="1.0" encoding="UTF-8"?>
<testsuite name="com.qa.scripts.SauceWithSelenium1" failures="0" tests="1" time="0.093" errors="0">
  <properties/>
  <testcase name="@BeforeTest getDriver" time="0.0" classname="com.qa.scripts.SauceWithSelenium1">
    <failure type="org.testng.TestNGException" message="
Method getDriver requires 1 parameters but 0 were supplied in the @Configuration annotation.">
      <![CDATA[org.testng.TestNGException: 
Method getDriver requires 1 parameters but 0 were supplied in the @Configuration annotation.
... Removed 17 stack frames]]>
    </failure>
  </testcase>
  <testcase name="@AfterTest quitDriver" time="0.0" classname="com.qa.scripts.SauceWithSelenium1">
    <skipped/>
  </testcase>
  <testcase name="TestSelenium1" time="0.016" classname="com.qa.scripts.SauceWithSelenium1">
    <skipped/>
  </testcase>
</testsuite>
