<?xml version="1.0" encoding="UTF-8"?>
<testsuite name="com.qa.scripts.SauceWithSelenium2" failures="0" tests="1" time="0.047" errors="0">
  <properties/>
  <testcase name="@BeforeTest getDriver" time="0.0" classname="com.qa.scripts.SauceWithSelenium2">
    <failure type="org.testng.TestNGException" message="
Parameter &apos;browser&apos; is required by @Configuration on method getDriver
but has not been marked @Optional or defined in E:\belford_workspace\Saucelabs_framework\temp-testng-customsuite.xml">
      <![CDATA[org.testng.TestNGException: 
Parameter 'browser' is required by @Configuration on method getDriver
but has not been marked @Optional or defined in E:\belford_workspace\Saucelabs_framework\temp-testng-customsuite.xml
... Removed 16 stack frames]]>
    </failure>
  </testcase>
  <testcase name="@AfterTest quitDriver" time="0.0" classname="com.qa.scripts.SauceWithSelenium2">
    <skipped/>
  </testcase>
  <testcase name="TestSelenium2" time="0.0" classname="com.qa.scripts.SauceWithSelenium2">
    <skipped/>
  </testcase>
</testsuite>
